# JRE version: OpenJDK Runtime Environment Temurin-17.0.7+7 (17.0.7+7) (build 17.0.7+7)
# Java VM: OpenJDK 64-Bit Server VM Temurin-17.0.7+7 (17.0.7+7, mixed mode, tiered, compressed oops, compressed class ptrs, serial gc, windows-amd64)
GC Precious Log:
 CPUs: 3 total, 3 available
 Memory: 1368M
 Large Page Support: Disabled
 NUMA Support: Disabled
 Compressed Oops: Enabled (32-bit)
 Heap Min Capacity: 8M
 Heap Initial Capacity: 22M
 Heap Max Capacity: 344M
 Pre-touch: Disabled
Heap:
 def new generation   total 6848K, used 3277K [0x00000000ea800000, 0x00000000eaf60000, 0x00000000f1aa0000)
  eden space 6144K,  45% used [0x00000000ea800000, 0x00000000eaab39c8, 0x00000000eae00000)
  from space 704K,  72% used [0x00000000eaeb0000, 0x00000000eaf2fd18, 0x00000000eaf60000)
  to   space 704K,   0% used [0x00000000eae00000, 0x00000000eae00000, 0x00000000eaeb0000)
 tenured generation   total 15040K, used 7787K [0x00000000f1aa0000, 0x00000000f2950000, 0x0000000100000000)
   the space 15040K,  51% used [0x00000000f1aa0000, 0x00000000f223af58, 0x00000000f223b000, 0x00000000f2950000)
 Metaspace       used 24657K, committed 24960K, reserved 1114112K
  class space    used 2672K, committed 2816K, reserved 1048576K
GC Heap History (16 events):
Event: 2.515 GC heap before
{Heap before GC invocations=0 (full 0):
 def new generation   total 6784K, used 6080K [0x00000000ea800000, 0x00000000eaf50000, 0x00000000f1aa0000)
  eden space 6080K, 100% used [0x00000000ea800000, 0x00000000eadf0000, 0x00000000eadf0000)
  from space 704K,   0% used [0x00000000eadf0000, 0x00000000eadf0000, 0x00000000eaea0000)
  to   space 704K,   0% used [0x00000000eaea0000, 0x00000000eaea0000, 0x00000000eaf50000)
 tenured generation   total 15040K, used 0K [0x00000000f1aa0000, 0x00000000f2950000, 0x0000000100000000)
   the space 15040K,   0% used [0x00000000f1aa0000, 0x00000000f1aa0000, 0x00000000f1aa0200, 0x00000000f2950000)
 Metaspace       used 7347K, committed 7488K, reserved 1114112K
  class space    used 626K, committed 704K, reserved 1048576K
}
Event: 2.537 GC heap after
{Heap after GC invocations=1 (full 0):
 def new generation   total 6784K, used 703K [0x00000000ea800000, 0x00000000eaf50000, 0x00000000f1aa0000)
  eden space 6080K,   0% used [0x00000000ea800000, 0x00000000ea800000, 0x00000000eadf0000)
  from space 704K,  99% used [0x00000000eaea0000, 0x00000000eaf4fff8, 0x00000000eaf50000)
  to   space 704K,   0% used [0x00000000eadf0000, 0x00000000eadf0000, 0x00000000eaea0000)
 tenured generation   total 15040K, used 2361K [0x00000000f1aa0000, 0x00000000f2950000, 0x0000000100000000)
   the space 15040K,  15% used [0x00000000f1aa0000, 0x00000000f1cee6c0, 0x00000000f1cee800, 0x00000000f2950000)
 Metaspace       used 7347K, committed 7488K, reserved 1114112K
  class space    used 626K, committed 704K, reserved 1048576K
}
Event: 5.205 GC heap before
{Heap before GC invocations=1 (full 0):
 def new generation   total 6784K, used 6783K [0x00000000ea800000, 0x00000000eaf50000, 0x00000000f1aa0000)
  eden space 6080K, 100% used [0x00000000ea800000, 0x00000000eadf0000, 0x00000000eadf0000)
  from space 704K,  99% used [0x00000000eaea0000, 0x00000000eaf4fff8, 0x00000000eaf50000)
  to   space 704K,   0% used [0x00000000eadf0000, 0x00000000eadf0000, 0x00000000eaea0000)
 tenured generation   total 15040K, used 2361K [0x00000000f1aa0000, 0x00000000f2950000, 0x0000000100000000)
   the space 15040K,  15% used [0x00000000f1aa0000, 0x00000000f1cee6c0, 0x00000000f1cee800, 0x00000000f2950000)
 Metaspace       used 11354K, committed 11520K, reserved 1114112K
  class space    used 1067K, committed 1152K, reserved 1048576K
}
Event: 5.212 GC heap after
{Heap after GC invocations=2 (full 0):
 def new generation   total 6784K, used 703K [0x00000000ea800000, 0x00000000eaf50000, 0x00000000f1aa0000)
  eden space 6080K,   0% used [0x00000000ea800000, 0x00000000ea800000, 0x00000000eadf0000)
  from space 704K,  99% used [0x00000000eadf0000, 0x00000000eae9fff8, 0x00000000eaea0000)
  to   space 704K,   0% used [0x00000000eaea0000, 0x00000000eaea0000, 0x00000000eaf50000)
 tenured generation   total 15040K, used 4112K [0x00000000f1aa0000, 0x00000000f2950000, 0x0000000100000000)
   the space 15040K,  27% used [0x00000000f1aa0000, 0x00000000f1ea4068, 0x00000000f1ea4200, 0x00000000f2950000)
 Metaspace       used 11354K, committed 11520K, reserved 1114112K
  class space    used 1067K, committed 1152K, reserved 1048576K
}
Event: 6.905 GC heap before
{Heap before GC invocations=2 (full 0):
 def new generation   total 6784K, used 6783K [0x00000000ea800000, 0x00000000eaf50000, 0x00000000f1aa0000)
  eden space 6080K,  99% used [0x00000000ea800000, 0x00000000eadeffe0, 0x00000000eadf0000)
  from space 704K,  99% used [0x00000000eadf0000, 0x00000000eae9fff8, 0x00000000eaea0000)
  to   space 704K,   0% used [0x00000000eaea0000, 0x00000000eaea0000, 0x00000000eaf50000)
 tenured generation   total 15040K, used 4112K [0x00000000f1aa0000, 0x00000000f2950000, 0x0000000100000000)
   the space 15040K,  27% used [0x00000000f1aa0000, 0x00000000f1ea4068, 0x00000000f1ea4200, 0x00000000f2950000)
 Metaspace       used 13581K, committed 13824K, reserved 1114112K
  class space    used 1328K, committed 1472K, reserved 1048576K
}
Event: 6.911 GC heap after
{Heap after GC invocations=3 (full 0):
 def new generation   total 6784K, used 367K [0x00000000ea800000, 0x00000000eaf50000, 0x00000000f1aa0000)
  eden space 6080K,   0% used [0x00000000ea800000, 0x00000000ea800000, 0x00000000eadf0000)
  from space 704K,  52% used [0x00000000eaea0000, 0x00000000eaefbf58, 0x00000000eaf50000)
  to   space 704K,   0% used [0x00000000eadf0000, 0x00000000eadf0000, 0x00000000eaea0000)
 tenured generation   total 15040K, used 4809K [0x00000000f1aa0000, 0x00000000f2950000, 0x0000000100000000)
   the space 15040K,  31% used [0x00000000f1aa0000, 0x00000000f1f52640, 0x00000000f1f52800, 0x00000000f2950000)
 Metaspace       used 13581K, committed 13824K, reserved 1114112K
  class space    used 1328K, committed 1472K, reserved 1048576K
}
Event: 7.669 GC heap before
{Heap before GC invocations=3 (full 0):
 def new generation   total 6784K, used 6430K [0x00000000ea800000, 0x00000000eaf50000, 0x00000000f1aa0000)
  eden space 6080K,  99% used [0x00000000ea800000, 0x00000000eadeb968, 0x00000000eadf0000)
  from space 704K,  52% used [0x00000000eaea0000, 0x00000000eaefbf58, 0x00000000eaf50000)
  to   space 704K,   0% used [0x00000000eadf0000, 0x00000000eadf0000, 0x00000000eaea0000)
 tenured generation   total 15040K, used 4809K [0x00000000f1aa0000, 0x00000000f2950000, 0x0000000100000000)
   the space 15040K,  31% used [0x00000000f1aa0000, 0x00000000f1f52640, 0x00000000f1f52800, 0x00000000f2950000)
 Metaspace       used 15342K, committed 15616K, reserved 1114112K
  class space    used 1544K, committed 1664K, reserved 1048576K
}
Event: 7.680 GC heap after
{Heap after GC invocations=4 (full 0):
 def new generation   total 6784K, used 432K [0x00000000ea800000, 0x00000000eaf50000, 0x00000000f1aa0000)
  eden space 6080K,   0% used [0x00000000ea800000, 0x00000000ea800000, 0x00000000eadf0000)
  from space 704K,  61% used [0x00000000eadf0000, 0x00000000eae5c028, 0x00000000eaea0000)
  to   space 704K,   0% used [0x00000000eaea0000, 0x00000000eaea0000, 0x00000000eaf50000)
 tenured generation   total 15040K, used 5155K [0x00000000f1aa0000, 0x00000000f2950000, 0x0000000100000000)
   the space 15040K,  34% used [0x00000000f1aa0000, 0x00000000f1fa8dd0, 0x00000000f1fa8e00, 0x00000000f2950000)
 Metaspace       used 15342K, committed 15616K, reserved 1114112K
  class space    used 1544K, committed 1664K, reserved 1048576K
}
Event: 51.783 GC heap before
{Heap before GC invocations=4 (full 0):
 def new generation   total 6784K, used 6512K [0x00000000ea800000, 0x00000000eaf50000, 0x00000000f1aa0000)
  eden space 6080K, 100% used [0x00000000ea800000, 0x00000000eadf0000, 0x00000000eadf0000)
  from space 704K,  61% used [0x00000000eadf0000, 0x00000000eae5c028, 0x00000000eaea0000)
  to   space 704K,   0% used [0x00000000eaea0000, 0x00000000eaea0000, 0x00000000eaf50000)
 tenured generation   total 15040K, used 5155K [0x00000000f1aa0000, 0x00000000f2950000, 0x0000000100000000)
   the space 15040K,  34% used [0x00000000f1aa0000, 0x00000000f1fa8dd0, 0x00000000f1fa8e00, 0x00000000f2950000)
 Metaspace       used 17303K, committed 17536K, reserved 1114112K
  class space    used 1809K, committed 1920K, reserved 1048576K
}
Event: 52.036 GC heap after
{Heap after GC invocations=5 (full 0):
 def new generation   total 6784K, used 340K [0x00000000ea800000, 0x00000000eaf50000, 0x00000000f1aa0000)
  eden space 6080K,   0% used [0x00000000ea800000, 0x00000000ea800000, 0x00000000eadf0000)
  from space 704K,  48% used [0x00000000eaea0000, 0x00000000eaef5068, 0x00000000eaf50000)
  to   space 704K,   0% used [0x00000000eadf0000, 0x00000000eadf0000, 0x00000000eaea0000)
 tenured generation   total 15040K, used 5492K [0x00000000f1aa0000, 0x00000000f2950000, 0x0000000100000000)
   the space 15040K,  36% used [0x00000000f1aa0000, 0x00000000f1ffd178, 0x00000000f1ffd200, 0x00000000f2950000)
 Metaspace       used 17303K, committed 17536K, reserved 1114112K
  class space    used 1809K, committed 1920K, reserved 1048576K
}
Event: 54.574 GC heap before
{Heap before GC invocations=5 (full 0):
 def new generation   total 6784K, used 6420K [0x00000000ea800000, 0x00000000eaf50000, 0x00000000f1aa0000)
  eden space 6080K, 100% used [0x00000000ea800000, 0x00000000eadf0000, 0x00000000eadf0000)
  from space 704K,  48% used [0x00000000eaea0000, 0x00000000eaef5068, 0x00000000eaf50000)
  to   space 704K,   0% used [0x00000000eadf0000, 0x00000000eadf0000, 0x00000000eaea0000)
 tenured generation   total 15040K, used 5492K [0x00000000f1aa0000, 0x00000000f2950000, 0x0000000100000000)
   the space 15040K,  36% used [0x00000000f1aa0000, 0x00000000f1ffd178, 0x00000000f1ffd200, 0x00000000f2950000)
 Metaspace       used 20184K, committed 20416K, reserved 1114112K
  class space    used 2149K, committed 2240K, reserved 1048576K
}
Event: 54.634 GC heap after
{Heap after GC invocations=6 (full 0):
 def new generation   total 6784K, used 703K [0x00000000ea800000, 0x00000000eaf50000, 0x00000000f1aa0000)
  eden space 6080K,   0% used [0x00000000ea800000, 0x00000000ea800000, 0x00000000eadf0000)
  from space 704K,  99% used [0x00000000eadf0000, 0x00000000eae9fff8, 0x00000000eaea0000)
  to   space 704K,   0% used [0x00000000eaea0000, 0x00000000eaea0000, 0x00000000eaf50000)
 tenured generation   total 15040K, used 6038K [0x00000000f1aa0000, 0x00000000f2950000, 0x0000000100000000)
   the space 15040K,  40% used [0x00000000f1aa0000, 0x00000000f2085af0, 0x00000000f2085c00, 0x00000000f2950000)
 Metaspace       used 20184K, committed 20416K, reserved 1114112K
  class space    used 2149K, committed 2240K, reserved 1048576K
}
Event: 55.086 GC heap before
{Heap before GC invocations=6 (full 0):
 def new generation   total 6784K, used 6257K [0x00000000ea800000, 0x00000000eaf50000, 0x00000000f1aa0000)
  eden space 6080K,  91% used [0x00000000ea800000, 0x00000000ead6c4f0, 0x00000000eadf0000)
  from space 704K,  99% used [0x00000000eadf0000, 0x00000000eae9fff8, 0x00000000eaea0000)
  to   space 704K,   0% used [0x00000000eaea0000, 0x00000000eaea0000, 0x00000000eaf50000)
 tenured generation   total 15040K, used 6038K [0x00000000f1aa0000, 0x00000000f2950000, 0x0000000100000000)
   the space 15040K,  40% used [0x00000000f1aa0000, 0x00000000f2085af0, 0x00000000f2085c00, 0x00000000f2950000)
 Metaspace       used 21240K, committed 21504K, reserved 1114112K
  class space    used 2240K, committed 2368K, reserved 1048576K
}
Event: 55.446 GC heap after
{Heap after GC invocations=7 (full 1):
 def new generation   total 6848K, used 0K [0x00000000ea800000, 0x00000000eaf60000, 0x00000000f1aa0000)
  eden space 6144K,   0% used [0x00000000ea800000, 0x00000000ea800000, 0x00000000eae00000)
  from space 704K,   0% used [0x00000000eae00000, 0x00000000eae00000, 0x00000000eaeb0000)
  to   space 704K,   0% used [0x00000000eaeb0000, 0x00000000eaeb0000, 0x00000000eaf60000)
 tenured generation   total 15040K, used 7787K [0x00000000f1aa0000, 0x00000000f2950000, 0x0000000100000000)
   the space 15040K,  51% used [0x00000000f1aa0000, 0x00000000f223af58, 0x00000000f223b000, 0x00000000f2950000)
 Metaspace       used 21240K, committed 21504K, reserved 1114112K
  class space    used 2240K, committed 2368K, reserved 1048576K
}
Event: 57.259 GC heap before
{Heap before GC invocations=7 (full 1):
 def new generation   total 6848K, used 6144K [0x00000000ea800000, 0x00000000eaf60000, 0x00000000f1aa0000)
  eden space 6144K, 100% used [0x00000000ea800000, 0x00000000eae00000, 0x00000000eae00000)
  from space 704K,   0% used [0x00000000eae00000, 0x00000000eae00000, 0x00000000eaeb0000)
  to   space 704K,   0% used [0x00000000eaeb0000, 0x00000000eaeb0000, 0x00000000eaf60000)
 tenured generation   total 15040K, used 7787K [0x00000000f1aa0000, 0x00000000f2950000, 0x0000000100000000)
   the space 15040K,  51% used [0x00000000f1aa0000, 0x00000000f223af58, 0x00000000f223b000, 0x00000000f2950000)
 Metaspace       used 23991K, committed 24256K, reserved 1114112K
  class space    used 2568K, committed 2688K, reserved 1048576K
}
Event: 57.276 GC heap after
{Heap after GC invocations=8 (full 1):
 def new generation   total 6848K, used 511K [0x00000000ea800000, 0x00000000eaf60000, 0x00000000f1aa0000)
  eden space 6144K,   0% used [0x00000000ea800000, 0x00000000ea800000, 0x00000000eae00000)
  from space 704K,  72% used [0x00000000eaeb0000, 0x00000000eaf2fd18, 0x00000000eaf60000)
  to   space 704K,   0% used [0x00000000eae00000, 0x00000000eae00000, 0x00000000eaeb0000)
 tenured generation   total 15040K, used 7787K [0x00000000f1aa0000, 0x00000000f2950000, 0x0000000100000000)
   the space 15040K,  51% used [0x00000000f1aa0000, 0x00000000f223af58, 0x00000000f223b000, 0x00000000f2950000)
 Metaspace       used 23991K, committed 24256K, reserved 1114112K
  class space    used 2568K, committed 2688K, reserved 1048576K
}

